1483955403.436187 client started (97738): socket /private/tmp/tmux-501/default, protocol 8
1483955403.436223 on Darwin 15.6.0 Darwin Kernel Version 15.6.0: Thu Jun 23 18:25:34 PDT 2016; root:xnu-3248.60.10~1/RELEASE_X86_64; libevent 2.0.22-stable (select)
1483955403.436261 socket is /private/tmp/tmux-501/default
1483955403.436272 trying connect
1483955403.436339 add peer 0x7fc454001000: 6 (0x0)
1483955403.437297 sending message 100 to peer 0x7fc454001000 (4 bytes)
1483955403.437312 sending message 101 to peer 0x7fc454001000 (7 bytes)
1483955403.437316 sending message 102 to peer 0x7fc454001000 (13 bytes)
1483955403.437319 sending message 108 to peer 0x7fc454001000 (39 bytes)
1483955403.437326 sending message 104 to peer 0x7fc454001000 (0 bytes)
1483955403.437330 sending message 107 to peer 0x7fc454001000 (4 bytes)
1483955403.437333 sending message 105 to peer 0x7fc454001000 (76 bytes)
1483955403.437337 sending message 105 to peer 0x7fc454001000 (14 bytes)
1483955403.437340 sending message 105 to peer 0x7fc454001000 (95 bytes)
1483955403.437343 sending message 105 to peer 0x7fc454001000 (26 bytes)
1483955403.437347 sending message 105 to peer 0x7fc454001000 (22 bytes)
1483955403.437350 sending message 105 to peer 0x7fc454001000 (61 bytes)
1483955403.437353 sending message 105 to peer 0x7fc454001000 (13 bytes)
1483955403.437357 sending message 105 to peer 0x7fc454001000 (17 bytes)
1483955403.437360 sending message 105 to peer 0x7fc454001000 (21 bytes)
1483955403.437363 sending message 105 to peer 0x7fc454001000 (8 bytes)
1483955403.437367 sending message 105 to peer 0x7fc454001000 (22 bytes)
1483955403.437370 sending message 105 to peer 0x7fc454001000 (32 bytes)
1483955403.437373 sending message 105 to peer 0x7fc454001000 (46 bytes)
1483955403.437377 sending message 105 to peer 0x7fc454001000 (11 bytes)
1483955403.437380 sending message 105 to peer 0x7fc454001000 (387 bytes)
1483955403.437387 sending message 105 to peer 0x7fc454001000 (13 bytes)
1483955403.437390 sending message 105 to peer 0x7fc454001000 (43 bytes)
1483955403.437394 sending message 105 to peer 0x7fc454001000 (32 bytes)
1483955403.437397 sending message 105 to peer 0x7fc454001000 (16 bytes)
1483955403.437400 sending message 105 to peer 0x7fc454001000 (24 bytes)
1483955403.437403 sending message 105 to peer 0x7fc454001000 (15 bytes)
1483955403.437407 sending message 105 to peer 0x7fc454001000 (8 bytes)
1483955403.437410 sending message 105 to peer 0x7fc454001000 (66 bytes)
1483955403.437413 sending message 105 to peer 0x7fc454001000 (12 bytes)
1483955403.437416 sending message 105 to peer 0x7fc454001000 (23 bytes)
1483955403.437420 sending message 105 to peer 0x7fc454001000 (27 bytes)
1483955403.437423 sending message 105 to peer 0x7fc454001000 (60 bytes)
1483955403.437426 sending message 105 to peer 0x7fc454001000 (57 bytes)
1483955403.437430 sending message 105 to peer 0x7fc454001000 (43 bytes)
1483955403.437433 sending message 105 to peer 0x7fc454001000 (13 bytes)
1483955403.437436 sending message 105 to peer 0x7fc454001000 (19 bytes)
1483955403.437440 sending message 105 to peer 0x7fc454001000 (14 bytes)
1483955403.437443 sending message 105 to peer 0x7fc454001000 (19 bytes)
1483955403.437446 sending message 105 to peer 0x7fc454001000 (36 bytes)
1483955403.437449 sending message 105 to peer 0x7fc454001000 (21 bytes)
1483955403.437453 sending message 105 to peer 0x7fc454001000 (22 bytes)
1483955403.437456 sending message 105 to peer 0x7fc454001000 (83 bytes)
1483955403.437459 sending message 105 to peer 0x7fc454001000 (38 bytes)
1483955403.437462 sending message 105 to peer 0x7fc454001000 (17 bytes)
1483955403.437466 sending message 105 to peer 0x7fc454001000 (15 bytes)
1483955403.437469 sending message 106 to peer 0x7fc454001000 (0 bytes)
1483955403.437475 sending message 200 to peer 0x7fc454001000 (4 bytes)
1483955403.437479 client loop enter
1483955403.438725 peer 0x7fc454001000 message 211
1483955403.438751 peer 0x7fc454001000 message 203
1483955403.438759 client loop exit
