1483955392.864803 client started (97618): socket /private/tmp/tmux-501/default, protocol 8
1483955392.864830 on Darwin 15.6.0 Darwin Kernel Version 15.6.0: Thu Jun 23 18:25:34 PDT 2016; root:xnu-3248.60.10~1/RELEASE_X86_64; libevent 2.0.22-stable (select)
1483955392.864865 socket is /private/tmp/tmux-501/default
1483955392.864875 trying connect
1483955392.864956 add peer 0x7fb8d301d600: 6 (0x0)
1483955392.865973 sending message 100 to peer 0x7fb8d301d600 (4 bytes)
1483955392.865990 sending message 101 to peer 0x7fb8d301d600 (7 bytes)
1483955392.865994 sending message 102 to peer 0x7fb8d301d600 (13 bytes)
1483955392.865998 sending message 108 to peer 0x7fb8d301d600 (39 bytes)
1483955392.866005 sending message 104 to peer 0x7fb8d301d600 (0 bytes)
1483955392.866009 sending message 107 to peer 0x7fb8d301d600 (4 bytes)
1483955392.866013 sending message 105 to peer 0x7fb8d301d600 (76 bytes)
1483955392.866016 sending message 105 to peer 0x7fb8d301d600 (14 bytes)
1483955392.866020 sending message 105 to peer 0x7fb8d301d600 (95 bytes)
1483955392.866024 sending message 105 to peer 0x7fb8d301d600 (26 bytes)
1483955392.866027 sending message 105 to peer 0x7fb8d301d600 (22 bytes)
1483955392.866030 sending message 105 to peer 0x7fb8d301d600 (61 bytes)
1483955392.866034 sending message 105 to peer 0x7fb8d301d600 (13 bytes)
1483955392.866038 sending message 105 to peer 0x7fb8d301d600 (17 bytes)
1483955392.866041 sending message 105 to peer 0x7fb8d301d600 (21 bytes)
1483955392.866045 sending message 105 to peer 0x7fb8d301d600 (8 bytes)
1483955392.866048 sending message 105 to peer 0x7fb8d301d600 (22 bytes)
1483955392.866052 sending message 105 to peer 0x7fb8d301d600 (32 bytes)
1483955392.866055 sending message 105 to peer 0x7fb8d301d600 (46 bytes)
1483955392.866059 sending message 105 to peer 0x7fb8d301d600 (11 bytes)
1483955392.866062 sending message 105 to peer 0x7fb8d301d600 (387 bytes)
1483955392.866066 sending message 105 to peer 0x7fb8d301d600 (13 bytes)
1483955392.866069 sending message 105 to peer 0x7fb8d301d600 (43 bytes)
1483955392.866073 sending message 105 to peer 0x7fb8d301d600 (32 bytes)
1483955392.866076 sending message 105 to peer 0x7fb8d301d600 (16 bytes)
1483955392.866080 sending message 105 to peer 0x7fb8d301d600 (24 bytes)
1483955392.866083 sending message 105 to peer 0x7fb8d301d600 (15 bytes)
1483955392.866087 sending message 105 to peer 0x7fb8d301d600 (8 bytes)
1483955392.866090 sending message 105 to peer 0x7fb8d301d600 (66 bytes)
1483955392.866093 sending message 105 to peer 0x7fb8d301d600 (12 bytes)
1483955392.866097 sending message 105 to peer 0x7fb8d301d600 (23 bytes)
1483955392.866100 sending message 105 to peer 0x7fb8d301d600 (27 bytes)
1483955392.866104 sending message 105 to peer 0x7fb8d301d600 (60 bytes)
1483955392.866107 sending message 105 to peer 0x7fb8d301d600 (57 bytes)
1483955392.866110 sending message 105 to peer 0x7fb8d301d600 (43 bytes)
1483955392.866114 sending message 105 to peer 0x7fb8d301d600 (13 bytes)
1483955392.866117 sending message 105 to peer 0x7fb8d301d600 (19 bytes)
1483955392.866121 sending message 105 to peer 0x7fb8d301d600 (14 bytes)
1483955392.866124 sending message 105 to peer 0x7fb8d301d600 (19 bytes)
1483955392.866127 sending message 105 to peer 0x7fb8d301d600 (36 bytes)
1483955392.866131 sending message 105 to peer 0x7fb8d301d600 (21 bytes)
1483955392.866134 sending message 105 to peer 0x7fb8d301d600 (22 bytes)
1483955392.866138 sending message 105 to peer 0x7fb8d301d600 (83 bytes)
1483955392.866141 sending message 105 to peer 0x7fb8d301d600 (38 bytes)
1483955392.866144 sending message 105 to peer 0x7fb8d301d600 (17 bytes)
1483955392.866148 sending message 105 to peer 0x7fb8d301d600 (15 bytes)
1483955392.866151 sending message 106 to peer 0x7fb8d301d600 (0 bytes)
1483955392.866158 sending message 200 to peer 0x7fb8d301d600 (4 bytes)
1483955392.866162 client loop enter
1483955392.867396 peer 0x7fb8d301d600 message 211
1483955392.867421 peer 0x7fb8d301d600 message 203
1483955392.867427 client loop exit
